This is pdfTeXk, Version 3.141592-1.40.3 (Web2C 7.5.6) (format=pdflatex 2015.10.2)  29 JUL 2016 10:20
entering extended mode
 %&-line parsing enabled.
**FlowFrameTemplate.tex
(./FlowFrameTemplate.tex
LaTeX2e <2005/12/01>
Babel <v3.8h> and hyphenation patterns for english, usenglishmax, dumylang, noh
yphenation, arabic, basque, bulgarian, coptic, welsh, czech, slovak, german, ng
erman, danish, esperanto, spanish, catalan, galician, estonian, farsi, finnish,
 french, greek, monogreek, ancientgreek, croatian, hungarian, interlingua, ibyc
us, indonesian, icelandic, italian, latin, mongolian, dutch, norsk, polish, por
tuguese, pinyin, romanian, russian, slovenian, uppersorbian, serbian, swedish, 
turkish, ukenglish, ukrainian, loaded.
(/usr/share/texmf/tex/latex/base/article.cls
Document Class: article 2005/09/16 v1.4f Standard LaTeX document class
(/usr/share/texmf/tex/latex/base/size10.clo
File: size10.clo 2005/09/16 v1.4f Standard LaTeX file (size option)
)
\c@part=\count79
\c@section=\count80
\c@subsection=\count81
\c@subsubsection=\count82
\c@paragraph=\count83
\c@subparagraph=\count84
\c@figure=\count85
\c@table=\count86
\abovecaptionskip=\skip41
\belowcaptionskip=\skip42
\bibindent=\dimen102
)
(/usr/share/texmf/tex/latex/graphics/graphicx.sty
Package: graphicx 1999/02/16 v1.0f Enhanced LaTeX Graphics (DPC,SPQR)

(/usr/share/texmf/tex/latex/graphics/keyval.sty
Package: keyval 1999/03/16 v1.13 key=value parser (DPC)
\KV@toks@=\toks14
)
(/usr/share/texmf/tex/latex/graphics/graphics.sty
Package: graphics 2006/02/20 v1.0o Standard LaTeX Graphics (DPC,SPQR)

(/usr/share/texmf/tex/latex/graphics/trig.sty
Package: trig 1999/03/16 v1.09 sin cos tan (DPC)
)
(/usr/share/texmf/tex/latex/config/graphics.cfg
File: graphics.cfg 2007/01/18 v1.5 graphics configuration of teTeX/TeXLive
)
Package graphics Info: Driver file: pdftex.def on input line 90.

(/usr/share/texmf/tex/latex/pdftex-def/pdftex.def
File: pdftex.def 2007/01/08 v0.04d Graphics/color for pdfTeX
\Gread@gobject=\count87
))
\Gin@req@height=\dimen103
\Gin@req@width=\dimen104
)
(/usr/share/texmf/tex/latex/graphics/color.sty
Package: color 2005/11/14 v1.0j Standard LaTeX Color (DPC)

(/usr/share/texmf/tex/latex/config/color.cfg
File: color.cfg 2007/01/18 v1.5 color configuration of teTeX/TeXLive
)
Package color Info: Driver file: pdftex.def on input line 130.
)
(/usr/share/texmf/tex/latex/ltxmisc/framed.sty
Package: framed 2003/07/21 v 0.8a: framed or shaded text with page breaks
\FrameRule=\dimen105
\FrameSep=\dimen106
)
(/usr/share/texmf/tex/latex/base/alltt.sty
Package: alltt 1997/06/16 v2.0g defines alltt environment
)
(/usr/share/texmf/tex/latex/geometry/geometry.sty
Package: geometry 2002/07/08 v3.2 Page Geometry
\Gm@cnth=\count88
\Gm@cntv=\count89
\c@Gm@tempcnt=\count90
\Gm@bindingoffset=\dimen107
\Gm@wd@mp=\dimen108
\Gm@odd@mp=\dimen109
\Gm@even@mp=\dimen110
\Gm@dimlist=\toks15
)
(/usr/share/texmf/tex/latex/ltxmisc/url.sty
\Urlmuskip=\muskip10
Package: url 2005/06/27  ver 3.2  Verb mode for urls, etc.
)
(/usr/share/texmf/tex/latex/flowfram/flowfram.sty
Package: flowfram 2005/11/24 v1.02

(/usr/share/texmf/tex/latex/base/ifthen.sty
Package: ifthen 2001/05/26 v1.1c Standard LaTeX ifthen package (DPC)
)
(/usr/share/texmf/tex/latex/tools/afterpage.sty
Package: afterpage 1995/10/27 v1.08 After-Page Package (DPC)
\AP@output=\toks16
\AP@partial=\box26
\AP@footins=\box27
)
\fflabelsep=\skip43
\c@maxflow=\count91
\c@thisframe=\count92
\c@maxstatic=\count93
\c@maxdynamic=\count94
\@colN=\count95
\@ff@tmpN=\count96
\ff@id=\count97
\@ff@offset=\skip44
\@ff@tmp@x=\skip45
\@ff@tmp@x@even=\skip46
\@ff@tmp@y=\skip47
\flowframesep=\skip48
\flowframerule=\skip49
\staticframe=\box28
\c@ffrangenum=\count98
\c@curpg=\count99
\ffevenoffset=\skip50
\@nxtcol=\count100
\columnheight=\skip51
\vcolumnsep=\skip52
\@ff@staticH=\skip53
\@ff@adjh=\count101
\@ff@staticW=\skip54
\@thisstrip=\count102
\@ff@left@x=\skip55
\@ff@left@y=\skip56
\@ff@left@evenx=\skip57
\@ff@left@eveny=\skip58
\@ff@left@width=\skip59
\@ff@left@height=\skip60
\ffareawidth=\skip61
\ffareaheight=\skip62
\ffareax=\skip63
\ffareay=\skip64
\c@maxthumbtabs=\count103
\thumbtabwidth=\skip65
\@greyscale=\count104
\c@maxtocunits=\count105
\c@maxminitoc=\count106
\@ttb@level=\count107
\@ttb@minitoclevel=\count108
\beforeminitocskip=\skip66
\afterminitocskip=\skip67
\c@minitoc=\count109
)
\@staticframe@i=\box29
\@sf@i@posx=\skip68
\@sf@i@posy=\skip69
\@sf@i@evenx=\skip70
\@sf@i@eveny=\skip71
\columni=\box30
\colwidthi=\skip72
\colheighti=\skip73
\col@i@posx=\skip74
\col@i@posy=\skip75
\col@i@evenx=\skip76
\col@i@eveny=\skip77
\columnii=\box31
\colwidthii=\skip78
\colheightii=\skip79
\col@ii@posx=\skip80
\col@ii@posy=\skip81
\col@ii@evenx=\skip82
\col@ii@eveny=\skip83
\columniii=\box32
\colwidthiii=\skip84
\colheightiii=\skip85
\col@iii@posx=\skip86
\col@iii@posy=\skip87
\col@iii@evenx=\skip88
\col@iii@eveny=\skip89
\columniv=\box33
\colwidthiv=\skip90
\colheightiv=\skip91
\col@iv@posx=\skip92
\col@iv@posy=\skip93
\col@iv@evenx=\skip94
\col@iv@eveny=\skip95

(/usr/share/texmf/tex/latex/upquote/upquote.sty
Package: upquote 2003/08/11 v1.1 Covington's upright-quote modification to verb
atim and verb

(/usr/share/texmf/tex/latex/base/textcomp.sty
Package: textcomp 2005/09/27 v1.99g Standard LaTeX package
Package textcomp Info: Sub-encoding information:
(textcomp)               5 = only ISO-Adobe without \textcurrency
(textcomp)               4 = 5 + \texteuro
(textcomp)               3 = 4 + \textohm
(textcomp)               2 = 3 + \textestimated + \textcurrency
(textcomp)               1 = TS1 - \textcircled - \t
(textcomp)               0 = TS1 (full)
(textcomp)             Font families with sub-encoding setting implement
(textcomp)             only a restricted character set as indicated.
(textcomp)             Family '?' is the default used for unknown fonts.
(textcomp)             See the documentation for details.
Package textcomp Info: Setting ? sub-encoding to TS1/1 on input line 71.

(/usr/share/texmf/tex/latex/base/ts1enc.def
File: ts1enc.def 2001/06/05 v3.0e (jk/car/fm) Standard LaTeX file
)
LaTeX Info: Redefining \oldstylenums on input line 266.
Package textcomp Info: Setting cmr sub-encoding to TS1/0 on input line 281.
Package textcomp Info: Setting cmss sub-encoding to TS1/0 on input line 282.
Package textcomp Info: Setting cmtt sub-encoding to TS1/0 on input line 283.
Package textcomp Info: Setting cmvtt sub-encoding to TS1/0 on input line 284.
Package textcomp Info: Setting cmbr sub-encoding to TS1/0 on input line 285.
Package textcomp Info: Setting cmtl sub-encoding to TS1/0 on input line 286.
Package textcomp Info: Setting ccr sub-encoding to TS1/0 on input line 287.
Package textcomp Info: Setting ptm sub-encoding to TS1/4 on input line 288.
Package textcomp Info: Setting pcr sub-encoding to TS1/4 on input line 289.
Package textcomp Info: Setting phv sub-encoding to TS1/4 on input line 290.
Package textcomp Info: Setting ppl sub-encoding to TS1/3 on input line 291.
Package textcomp Info: Setting pag sub-encoding to TS1/4 on input line 292.
Package textcomp Info: Setting pbk sub-encoding to TS1/4 on input line 293.
Package textcomp Info: Setting pnc sub-encoding to TS1/4 on input line 294.
Package textcomp Info: Setting pzc sub-encoding to TS1/4 on input line 295.
Package textcomp Info: Setting bch sub-encoding to TS1/4 on input line 296.
Package textcomp Info: Setting put sub-encoding to TS1/5 on input line 297.
Package textcomp Info: Setting uag sub-encoding to TS1/5 on input line 298.
Package textcomp Info: Setting ugq sub-encoding to TS1/5 on input line 299.
Package textcomp Info: Setting ul8 sub-encoding to TS1/4 on input line 300.
Package textcomp Info: Setting ul9 sub-encoding to TS1/4 on input line 301.
Package textcomp Info: Setting augie sub-encoding to TS1/5 on input line 302.
Package textcomp Info: Setting dayrom sub-encoding to TS1/3 on input line 303.
Package textcomp Info: Setting dayroms sub-encoding to TS1/3 on input line 304.

Package textcomp Info: Setting pxr sub-encoding to TS1/0 on input line 305.
Package textcomp Info: Setting pxss sub-encoding to TS1/0 on input line 306.
Package textcomp Info: Setting pxtt sub-encoding to TS1/0 on input line 307.
Package textcomp Info: Setting txr sub-encoding to TS1/0 on input line 308.
Package textcomp Info: Setting txss sub-encoding to TS1/0 on input line 309.
Package textcomp Info: Setting txtt sub-encoding to TS1/0 on input line 310.
Package textcomp Info: Setting futs sub-encoding to TS1/4 on input line 311.
Package textcomp Info: Setting futx sub-encoding to TS1/4 on input line 312.
Package textcomp Info: Setting futj sub-encoding to TS1/4 on input line 313.
Package textcomp Info: Setting hlh sub-encoding to TS1/3 on input line 314.
Package textcomp Info: Setting hls sub-encoding to TS1/3 on input line 315.
Package textcomp Info: Setting hlst sub-encoding to TS1/3 on input line 316.
Package textcomp Info: Setting hlct sub-encoding to TS1/5 on input line 317.
Package textcomp Info: Setting hlx sub-encoding to TS1/5 on input line 318.
Package textcomp Info: Setting hlce sub-encoding to TS1/5 on input line 319.
Package textcomp Info: Setting hlcn sub-encoding to TS1/5 on input line 320.
Package textcomp Info: Setting hlcw sub-encoding to TS1/5 on input line 321.
Package textcomp Info: Setting hlcf sub-encoding to TS1/5 on input line 322.
Package textcomp Info: Setting pplx sub-encoding to TS1/3 on input line 323.
Package textcomp Info: Setting pplj sub-encoding to TS1/3 on input line 324.
Package textcomp Info: Setting ptmx sub-encoding to TS1/4 on input line 325.
Package textcomp Info: Setting ptmj sub-encoding to TS1/4 on input line 326.
)) (./FlowFrameTemplate.aux)
\openout1 = `FlowFrameTemplate.aux'.

LaTeX Font Info:    Checking defaults for OML/cmm/m/it on input line 70.
LaTeX Font Info:    ... okay on input line 70.
LaTeX Font Info:    Checking defaults for T1/cmr/m/n on input line 70.
LaTeX Font Info:    ... okay on input line 70.
LaTeX Font Info:    Checking defaults for OT1/cmr/m/n on input line 70.
LaTeX Font Info:    ... okay on input line 70.
LaTeX Font Info:    Checking defaults for OMS/cmsy/m/n on input line 70.
LaTeX Font Info:    ... okay on input line 70.
LaTeX Font Info:    Checking defaults for OMX/cmex/m/n on input line 70.
LaTeX Font Info:    ... okay on input line 70.
LaTeX Font Info:    Checking defaults for U/cmr/m/n on input line 70.
LaTeX Font Info:    ... okay on input line 70.
LaTeX Font Info:    Checking defaults for TS1/cmr/m/n on input line 70.
LaTeX Font Info:    Try loading font information for TS1+cmr on input line 70.

(/usr/share/texmf/tex/latex/base/ts1cmr.fd
File: ts1cmr.fd 1999/05/25 v2.5h Standard LaTeX font definitions
)
LaTeX Font Info:    ... okay on input line 70.
-------------------- Geometry parameters
paper: a4paper
landscape: --
twocolumn: --
twoside: --
asymmetric: --
h-parts: 72.26999pt, 452.9679pt, 72.26999pt
v-parts: 72.26999pt, 700.50687pt, 72.26999pt
hmarginratio: --
vmarginratio: --
lines: --
heightrounded: --
bindingoffset: 0.0pt
truedimen: --
includehead: --
includefoot: --
includemp: --
driver: pdftex
-------------------- Page layout dimensions and switches
\paperwidth  597.50787pt
\paperheight 845.04684pt
\textwidth  452.9679pt
\textheight 700.50687pt
\oddsidemargin  0.0pt
\evensidemargin 0.0pt
\topmargin  -37.0pt
\headheight 12.0pt
\headsep    25.0pt
\footskip   30.0pt
\marginparwidth 57.0pt
\marginparsep   11.0pt
\columnsep  10.0pt
\skip\footins  9.0pt plus 4.0pt minus 2.0pt
\hoffset 0.0pt
\voffset 0.0pt
\mag 1000

(1in=72.27pt, 1cm=28.45pt)
-----------------------
LaTeX Font Info:    External font `cmex10' loaded for size
(Font)              <12> on input line 75.
LaTeX Font Info:    External font `cmex10' loaded for size
(Font)              <8> on input line 75.
LaTeX Font Info:    External font `cmex10' loaded for size
(Font)              <6> on input line 75.
LaTeX Font Info:    External font `cmex10' loaded for size
(Font)              <7> on input line 76.
LaTeX Font Info:    External font `cmex10' loaded for size
(Font)              <5> on input line 76.

Underfull \hbox (badness 1226) in paragraph at lines 78--81
[]\OT1/cmr/m/n/10 This doc-u-ment is a sam-ple doc-u-ment, see
 []


Underfull \hbox (badness 10000) in paragraph at lines 88--88
[]\OT1/cmr/m/n/10 A marginal
 []


Overfull \hbox (0.62752pt too wide) in paragraph at lines 126--137
\OT1/cmr/m/n/10 Once you have de-fined the flow frames, static frames
 []


Overfull \hbox (5.59982pt too wide) in paragraph at lines 126--137
\OT1/cmr/m/n/10 and dy-namic frames, their at-tributes can be changed.
 []

LaTeX Font Info:    Try loading font information for OML+cmr on input line 139.

(/usr/share/texmf/tex/latex/base/omlcmr.fd
File: omlcmr.fd 1999/05/25 v2.5h Standard LaTeX font definitions
)
LaTeX Font Info:    Font shape `OML/cmr/m/n' in size <10> not available
(Font)              Font shape `OML/cmm/m/it' tried instead on input line 139.

Overfull \hbox (10.72977pt too wide) in paragraph at lines 168--172
[]\OT1/cmr/m/n/10 The text colour for that frame.
 []

[1{/usr/share/texmf/fonts/map/pdftex/updmap/pdftex.map}

]
Overfull \hbox (2.66881pt too wide) in paragraph at lines 190--199
[]\OT1/cmr/m/n/10 This should be the name of a com-
 []


Overfull \hbox (23.84915pt too wide) in paragraph at lines 190--199
\OT1/cmr/m/n/10 takes a sin-gle ar-gu-ment, for ex-am-ple []\OT1/cmtt/m/n/10 st
yle=textbf
 []


Overfull \hbox (8.90497pt too wide) in paragraph at lines 242--242
[]\OT1/cmr/bx/n/12 Prematurely End-ing a Flow Frame 
 []


Overfull \hbox (0.32191pt too wide) in paragraph at lines 263--274
\OT1/cmr/m/n/10 mands can be used within \OT1/cmss/m/n/10 stat-ic-fig-ure \OT1/
cmr/m/n/10 and \OT1/cmss/m/n/10 stat-ictable
 []


Overfull \hbox (35.37686pt too wide) in paragraph at lines 282--283
\OT1/cmr/m/n/10 The fol-low-ing macros can be changed us-ing \OT1/cmtt/m/n/10 \
renewcommand\OT1/cmr/m/n/10 : 
 []


Underfull \hbox (badness 10000) in paragraph at lines 306--306
[]\OT1/cmr/m/n/10 Another
 []


Underfull \hbox (badness 10000) in paragraph at lines 306--306
\OT1/cmr/m/n/10 marginal
 []

[2] [3

] [4


] (./FlowFrameTemplate.aux) ) 
Here is how much of TeX's memory you used:
 2367 strings out of 256214
 32199 string characters out of 1917000
 105111 words of memory out of 1500000
 5653 multiletter control sequences out of 10000+200000
 9528 words of font info for 34 fonts, out of 1200000 for 2000
 645 hyphenation exceptions out of 8191
 29i,10n,32p,269b,455s stack positions out of 5000i,500n,6000p,200000b,15000s
 </home/CAMPUS/mwl04747/.texlive2007/texmf-var/fon
ts/pk/ljfour/jknappen/ec/tcrm1000.600pk></usr/share/texmf/fonts/type1/bluesky/c
m/cmbx10.pfb></usr/share/texmf/fonts/type1/bluesky/cm/cmbx12.pfb></usr/share/te
xmf/fonts/type1/bluesky/cm/cmbx7.pfb></usr/share/texmf/fonts/type1/bluesky/cm/c
mmi10.pfb></usr/share/texmf/fonts/type1/bluesky/cm/cmr10.pfb></usr/share/texmf/
fonts/type1/bluesky/cm/cmr12.pfb></usr/share/texmf/fonts/type1/bluesky/cm/cmr17
.pfb></usr/share/texmf/fonts/type1/bluesky/cm/cmr6.pfb></usr/share/texmf/fonts/
type1/bluesky/cm/cmr7.pfb></usr/share/texmf/fonts/type1/bluesky/cm/cmr8.pfb></u
sr/share/texmf/fonts/type1/bluesky/cm/cmss10.pfb></usr/share/texmf/fonts/type1/
bluesky/cm/cmti10.pfb></usr/share/texmf/fonts/type1/bluesky/cm/cmtt10.pfb></usr
/share/texmf/fonts/type1/bluesky/cm/cmtt12.pfb>
Output written on FlowFrameTemplate.pdf (4 pages, 89172 bytes).
PDF statistics:
 76 PDF objects out of 1000 (max. 8388607)
 0 named destinations out of 1000 (max. 131072)
 1 words of extra memory for PDF output out of 10000 (max. 10000000)

