This is pdfTeXk, Version 3.141592-1.40.3 (Web2C 7.5.6) (format=pdflatex 2015.10.2)  23 OCT 2016 11:31
entering extended mode
 %&-line parsing enabled.
**updatedstats.tex
(./updatedstats.tex
LaTeX2e <2005/12/01>
Babel <v3.8h> and hyphenation patterns for english, usenglishmax, dumylang, noh
yphenation, arabic, basque, bulgarian, coptic, welsh, czech, slovak, german, ng
erman, danish, esperanto, spanish, catalan, galician, estonian, farsi, finnish,
 french, greek, monogreek, ancientgreek, croatian, hungarian, interlingua, ibyc
us, indonesian, icelandic, italian, latin, mongolian, dutch, norsk, polish, por
tuguese, pinyin, romanian, russian, slovenian, uppersorbian, serbian, swedish, 
turkish, ukenglish, ukrainian, loaded.
(/usr/share/texmf/tex/latex/base/article.cls
Document Class: article 2005/09/16 v1.4f Standard LaTeX document class
(/usr/share/texmf/tex/latex/base/size10.clo
File: size10.clo 2005/09/16 v1.4f Standard LaTeX file (size option)
)
\c@part=\count79
\c@section=\count80
\c@subsection=\count81
\c@subsubsection=\count82
\c@paragraph=\count83
\c@subparagraph=\count84
\c@figure=\count85
\c@table=\count86
\abovecaptionskip=\skip41
\belowcaptionskip=\skip42
\bibindent=\dimen102
)
(/usr/share/texmf/tex/latex/graphics/graphicx.sty
Package: graphicx 1999/02/16 v1.0f Enhanced LaTeX Graphics (DPC,SPQR)

(/usr/share/texmf/tex/latex/graphics/keyval.sty
Package: keyval 1999/03/16 v1.13 key=value parser (DPC)
\KV@toks@=\toks14
)
(/usr/share/texmf/tex/latex/graphics/graphics.sty
Package: graphics 2006/02/20 v1.0o Standard LaTeX Graphics (DPC,SPQR)

(/usr/share/texmf/tex/latex/graphics/trig.sty
Package: trig 1999/03/16 v1.09 sin cos tan (DPC)
)
(/usr/share/texmf/tex/latex/config/graphics.cfg
File: graphics.cfg 2007/01/18 v1.5 graphics configuration of teTeX/TeXLive
)
Package graphics Info: Driver file: pdftex.def on input line 90.

(/usr/share/texmf/tex/latex/pdftex-def/pdftex.def
File: pdftex.def 2007/01/08 v0.04d Graphics/color for pdfTeX
\Gread@gobject=\count87
))
\Gin@req@height=\dimen103
\Gin@req@width=\dimen104
)
(/usr/share/texmf/tex/latex/graphics/color.sty
Package: color 2005/11/14 v1.0j Standard LaTeX Color (DPC)

(/usr/share/texmf/tex/latex/config/color.cfg
File: color.cfg 2007/01/18 v1.5 color configuration of teTeX/TeXLive
)
Package color Info: Driver file: pdftex.def on input line 130.
)
(/usr/share/texmf/tex/latex/ltxmisc/framed.sty
Package: framed 2003/07/21 v 0.8a: framed or shaded text with page breaks
\FrameRule=\dimen105
\FrameSep=\dimen106
)
(/usr/share/texmf/tex/latex/base/alltt.sty
Package: alltt 1997/06/16 v2.0g defines alltt environment
)
(/usr/share/texmf/tex/latex/was/gensymb.sty
Package: gensymb 2003/07/02 v1.0 (WaS)
)
(/usr/share/texmf/tex/latex/upquote/upquote.sty
Package: upquote 2003/08/11 v1.1 Covington's upright-quote modification to verb
atim and verb

(/usr/share/texmf/tex/latex/base/textcomp.sty
Package: textcomp 2005/09/27 v1.99g Standard LaTeX package
Package textcomp Info: Sub-encoding information:
(textcomp)               5 = only ISO-Adobe without \textcurrency
(textcomp)               4 = 5 + \texteuro
(textcomp)               3 = 4 + \textohm
(textcomp)               2 = 3 + \textestimated + \textcurrency
(textcomp)               1 = TS1 - \textcircled - \t
(textcomp)               0 = TS1 (full)
(textcomp)             Font families with sub-encoding setting implement
(textcomp)             only a restricted character set as indicated.
(textcomp)             Family '?' is the default used for unknown fonts.
(textcomp)             See the documentation for details.
Package textcomp Info: Setting ? sub-encoding to TS1/1 on input line 71.

(/usr/share/texmf/tex/latex/base/ts1enc.def
File: ts1enc.def 2001/06/05 v3.0e (jk/car/fm) Standard LaTeX file
)
LaTeX Info: Redefining \oldstylenums on input line 266.
Package textcomp Info: Setting cmr sub-encoding to TS1/0 on input line 281.
Package textcomp Info: Setting cmss sub-encoding to TS1/0 on input line 282.
Package textcomp Info: Setting cmtt sub-encoding to TS1/0 on input line 283.
Package textcomp Info: Setting cmvtt sub-encoding to TS1/0 on input line 284.
Package textcomp Info: Setting cmbr sub-encoding to TS1/0 on input line 285.
Package textcomp Info: Setting cmtl sub-encoding to TS1/0 on input line 286.
Package textcomp Info: Setting ccr sub-encoding to TS1/0 on input line 287.
Package textcomp Info: Setting ptm sub-encoding to TS1/4 on input line 288.
Package textcomp Info: Setting pcr sub-encoding to TS1/4 on input line 289.
Package textcomp Info: Setting phv sub-encoding to TS1/4 on input line 290.
Package textcomp Info: Setting ppl sub-encoding to TS1/3 on input line 291.
Package textcomp Info: Setting pag sub-encoding to TS1/4 on input line 292.
Package textcomp Info: Setting pbk sub-encoding to TS1/4 on input line 293.
Package textcomp Info: Setting pnc sub-encoding to TS1/4 on input line 294.
Package textcomp Info: Setting pzc sub-encoding to TS1/4 on input line 295.
Package textcomp Info: Setting bch sub-encoding to TS1/4 on input line 296.
Package textcomp Info: Setting put sub-encoding to TS1/5 on input line 297.
Package textcomp Info: Setting uag sub-encoding to TS1/5 on input line 298.
Package textcomp Info: Setting ugq sub-encoding to TS1/5 on input line 299.
Package textcomp Info: Setting ul8 sub-encoding to TS1/4 on input line 300.
Package textcomp Info: Setting ul9 sub-encoding to TS1/4 on input line 301.
Package textcomp Info: Setting augie sub-encoding to TS1/5 on input line 302.
Package textcomp Info: Setting dayrom sub-encoding to TS1/3 on input line 303.
Package textcomp Info: Setting dayroms sub-encoding to TS1/3 on input line 304.

Package textcomp Info: Setting pxr sub-encoding to TS1/0 on input line 305.
Package textcomp Info: Setting pxss sub-encoding to TS1/0 on input line 306.
Package textcomp Info: Setting pxtt sub-encoding to TS1/0 on input line 307.
Package textcomp Info: Setting txr sub-encoding to TS1/0 on input line 308.
Package textcomp Info: Setting txss sub-encoding to TS1/0 on input line 309.
Package textcomp Info: Setting txtt sub-encoding to TS1/0 on input line 310.
Package textcomp Info: Setting futs sub-encoding to TS1/4 on input line 311.
Package textcomp Info: Setting futx sub-encoding to TS1/4 on input line 312.
Package textcomp Info: Setting futj sub-encoding to TS1/4 on input line 313.
Package textcomp Info: Setting hlh sub-encoding to TS1/3 on input line 314.
Package textcomp Info: Setting hls sub-encoding to TS1/3 on input line 315.
Package textcomp Info: Setting hlst sub-encoding to TS1/3 on input line 316.
Package textcomp Info: Setting hlct sub-encoding to TS1/5 on input line 317.
Package textcomp Info: Setting hlx sub-encoding to TS1/5 on input line 318.
Package textcomp Info: Setting hlce sub-encoding to TS1/5 on input line 319.
Package textcomp Info: Setting hlcn sub-encoding to TS1/5 on input line 320.
Package textcomp Info: Setting hlcw sub-encoding to TS1/5 on input line 321.
Package textcomp Info: Setting hlcf sub-encoding to TS1/5 on input line 322.
Package textcomp Info: Setting pplx sub-encoding to TS1/3 on input line 323.
Package textcomp Info: Setting pplj sub-encoding to TS1/3 on input line 324.
Package textcomp Info: Setting ptmx sub-encoding to TS1/4 on input line 325.
Package textcomp Info: Setting ptmj sub-encoding to TS1/4 on input line 326.
)) (./updatedstats.aux)
\openout1 = `updatedstats.aux'.

LaTeX Font Info:    Checking defaults for OML/cmm/m/it on input line 54.
LaTeX Font Info:    ... okay on input line 54.
LaTeX Font Info:    Checking defaults for T1/cmr/m/n on input line 54.
LaTeX Font Info:    ... okay on input line 54.
LaTeX Font Info:    Checking defaults for OT1/cmr/m/n on input line 54.
LaTeX Font Info:    ... okay on input line 54.
LaTeX Font Info:    Checking defaults for OMS/cmsy/m/n on input line 54.
LaTeX Font Info:    ... okay on input line 54.
LaTeX Font Info:    Checking defaults for OMX/cmex/m/n on input line 54.
LaTeX Font Info:    ... okay on input line 54.
LaTeX Font Info:    Checking defaults for U/cmr/m/n on input line 54.
LaTeX Font Info:    ... okay on input line 54.
LaTeX Font Info:    Checking defaults for TS1/cmr/m/n on input line 54.
LaTeX Font Info:    Try loading font information for TS1+cmr on input line 54.

(/usr/share/texmf/tex/latex/base/ts1cmr.fd
File: ts1cmr.fd 1999/05/25 v2.5h Standard LaTeX font definitions
)
LaTeX Font Info:    ... okay on input line 54.
\symgns@font=\mathgroup4
LaTeX Font Info:    Overwriting symbol font `gns@font' in version `bold'
(Font)                  TS1/cmr/m/n --> TS1/cmr/bx/n on input line 54.
Package gensymb Info: Math companion symbols declared on input line 54.
LaTeX Info: Redefining \degree on input line 54.
LaTeX Info: Redefining \celsius on input line 54.
Package gensymb Info: Using text companion symbols for \degree, \celsius and \p
erthousand on input line 54.
LaTeX Info: Redefining \ohm on input line 54.
Package gensymb Info: Using \textohm for \ohm on input line 54.
Package gensymb Info: Using \textmu for \micro on input line 54.
Package color Info: Redefining color shadecolor on input line 70.

Overfull \hbox (158.9956pt too wide) in paragraph at lines 72--72
[][]\OT1/cmtt/m/n/10 updateddata[][]=[] []"/home/CAMPUS/fcl02013/Santa-Ana-Suck
er-Recovery/Data/Data_TUES_1/updatedtemps.csv"[][] 
 []

LaTeX Font Info:    Font shape `OT1/cmtt/bx/n' in size <10> not available
(Font)              Font shape `OT1/cmtt/m/n' tried instead on input line 73.

Overfull \hbox (27.74675pt too wide) in paragraph at lines 98--98
[]\OT1/cmtt/m/n/10 ##        ID       Site      Algae           Sediment       
Temperature[] 
 []


Overfull \hbox (32.9967pt too wide) in paragraph at lines 98--98
[]\OT1/cmtt/m/n/10 ##  Min.   : 1.0   A:9   Min.   :  0.00   Min.   :0.0000   M
in.   :28.00[] 
 []


Overfull \hbox (32.9967pt too wide) in paragraph at lines 98--98
[]\OT1/cmtt/m/n/10 ##  1st Qu.: 7.5   B:9   1st Qu.:  0.00   1st Qu.:0.0000   1
st Qu.:29.00[] 
 []


Overfull \hbox (32.9967pt too wide) in paragraph at lines 98--98
[]\OT1/cmtt/m/n/10 ##  Median :14.0   C:9   Median : 50.00   Median :1.0000   M
edian :29.00[] 
 []


Overfull \hbox (32.9967pt too wide) in paragraph at lines 98--98
[]\OT1/cmtt/m/n/10 ##  Mean   :14.0         Mean   : 48.52   Mean   :0.5926   M
ean   :28.89[] 
 []


Overfull \hbox (32.9967pt too wide) in paragraph at lines 98--98
[]\OT1/cmtt/m/n/10 ##  3rd Qu.:20.5         3rd Qu.:100.00   3rd Qu.:1.0000   3
rd Qu.:29.00[] 
 []


Overfull \hbox (32.9967pt too wide) in paragraph at lines 98--98
[]\OT1/cmtt/m/n/10 ##  Max.   :27.0         Max.   :100.00   Max.   :1.0000   M
ax.   :30.00[] 
 []

Package color Info: Redefining color shadecolor on input line 105.

Overfull \hbox (27.74675pt too wide) in paragraph at lines 131--131
[]\OT1/cmtt/m/n/10 ##        ID       Site      Algae           Sediment       
Temperature[] 
 []


Overfull \hbox (32.9967pt too wide) in paragraph at lines 131--131
[]\OT1/cmtt/m/n/10 ##  Min.   : 1.0   A:9   Min.   :  0.00   Min.   :0.0000   M
in.   :28.00[] 
 []


Overfull \hbox (32.9967pt too wide) in paragraph at lines 131--131
[]\OT1/cmtt/m/n/10 ##  1st Qu.: 7.5   B:9   1st Qu.:  0.00   1st Qu.:0.0000   1
st Qu.:29.00[] 
 []


Overfull \hbox (32.9967pt too wide) in paragraph at lines 131--131
[]\OT1/cmtt/m/n/10 ##  Median :14.0   C:9   Median : 50.00   Median :1.0000   M
edian :29.00[] 
 []


Overfull \hbox (32.9967pt too wide) in paragraph at lines 131--131
[]\OT1/cmtt/m/n/10 ##  Mean   :14.0         Mean   : 48.52   Mean   :0.5926   M
ean   :28.89[] 
 []


Overfull \hbox (32.9967pt too wide) in paragraph at lines 131--131
[]\OT1/cmtt/m/n/10 ##  3rd Qu.:20.5         3rd Qu.:100.00   3rd Qu.:1.0000   3
rd Qu.:29.00[] 
 []


Overfull \hbox (32.9967pt too wide) in paragraph at lines 131--131
[]\OT1/cmtt/m/n/10 ##  Max.   :27.0         Max.   :100.00   Max.   :1.0000   M
ax.   :30.00[] 
 []

[1

{/usr/share/texmf/fonts/map/pdftex/updmap/pdftex.map}]
Package color Info: Redefining color shadecolor on input line 140.

<figure/unnamed-chunk-3-1.pdf, id=9, 505.89pt x 505.89pt>
File: figure/unnamed-chunk-3-1.pdf Graphic file (type pdf)

<use figure/unnamed-chunk-3-1.pdf>
Overfull \hbox (15.0pt too wide) in paragraph at lines 145--146
[][] 
 []

Package color Info: Redefining color shadecolor on input line 150.
[2] <figure/unnamed-chunk-4-1.pdf, id=13, 505.89pt x 505.89pt>
File: figure/unnamed-chunk-4-1.pdf Graphic file (type pdf)

<use figure/unnamed-chunk-4-1.pdf>
Overfull \hbox (15.0pt too wide) in paragraph at lines 155--156
[][] 
 []

Package color Info: Redefining color shadecolor on input line 160.
[3 <./figure/unnamed-chunk-3-1.pdf>]
<figure/unnamed-chunk-5-1.pdf, id=23, 505.89pt x 505.89pt>
File: figure/unnamed-chunk-5-1.pdf Graphic file (type pdf)

<use figure/unnamed-chunk-5-1.pdf>
Overfull \hbox (15.0pt too wide) in paragraph at lines 165--166
[][] 
 []

Package color Info: Redefining color shadecolor on input line 170.
[4 <./figure/unnamed-chunk-4-1.pdf>]
<figure/unnamed-chunk-6-1.pdf, id=33, 505.89pt x 505.89pt>
File: figure/unnamed-chunk-6-1.pdf Graphic file (type pdf)

<use figure/unnamed-chunk-6-1.pdf>
Overfull \hbox (15.0pt too wide) in paragraph at lines 175--176
[][] 
 []

Package color Info: Redefining color shadecolor on input line 181.
[5 <./figure/unnamed-chunk-5-1.pdf>]
<figure/unnamed-chunk-7-1.pdf, id=43, 505.89pt x 505.89pt>
File: figure/unnamed-chunk-7-1.pdf Graphic file (type pdf)

<use figure/unnamed-chunk-7-1.pdf>
Overfull \hbox (15.0pt too wide) in paragraph at lines 186--187
[][] 
 []

Package color Info: Redefining color shadecolor on input line 191.
[6 <./figure/unnamed-chunk-6-1.pdf>]
<figure/unnamed-chunk-8-1.pdf, id=53, 505.89pt x 505.89pt>
File: figure/unnamed-chunk-8-1.pdf Graphic file (type pdf)

<use figure/unnamed-chunk-8-1.pdf>
Overfull \hbox (15.0pt too wide) in paragraph at lines 196--197
[][] 
 []

[7 <./figure/unnamed-chunk-7-1.pdf>]
Package color Info: Redefining color shadecolor on input line 209.
 [8 <./figure/unnamed-chunk-8-1.pdf>]
<figure/unnamed-chunk-9-1.pdf, id=73, 505.89pt x 505.89pt>
File: figure/unnamed-chunk-9-1.pdf Graphic file (type pdf)

<use figure/unnamed-chunk-9-1.pdf>
Overfull \hbox (15.0pt too wide) in paragraph at lines 214--215
[][] 
 []

Package color Info: Redefining color shadecolor on input line 219.
<figure/unnamed-chunk-10-1.pdf, id=74, 505.89pt x 505.89pt>
File: figure/unnamed-chunk-10-1.pdf Graphic file (type pdf)

<use figure/unnamed-chunk-10-1.pdf>
Overfull \hbox (15.0pt too wide) in paragraph at lines 224--225
[][] 
 []

Package color Info: Redefining color shadecolor on input line 229.
[9 <./figure/unnamed-chunk-9-1.pdf>]
<figure/unnamed-chunk-11-1.pdf, id=83, 505.89pt x 505.89pt>
File: figure/unnamed-chunk-11-1.pdf Graphic file (type pdf)

<use figure/unnamed-chunk-11-1.pdf>
Overfull \hbox (15.0pt too wide) in paragraph at lines 234--235
[][] 
 []

[10 <./figure/unnamed-chunk-10-1.pdf>]
Package color Info: Redefining color shadecolor on input line 239.

<figure/unnamed-chunk-12-1.pdf, id=92, 505.89pt x 505.89pt>
File: figure/unnamed-chunk-12-1.pdf Graphic file (type pdf)

<use figure/unnamed-chunk-12-1.pdf>
Overfull \hbox (15.0pt too wide) in paragraph at lines 244--245
[][] 
 []

[11 <./figure/unnamed-chunk-11-1.pdf>]
Package color Info: Redefining color shadecolor on input line 249.

<figure/unnamed-chunk-13-1.pdf, id=101, 505.89pt x 505.89pt>
File: figure/unnamed-chunk-13-1.pdf Graphic file (type pdf)

<use figure/unnamed-chunk-13-1.pdf>
Overfull \hbox (15.0pt too wide) in paragraph at lines 254--255
[][] 
 []

[12 <./figure/unnamed-chunk-12-1.pdf>] [13 <./figure/unnamed-chunk-13-1.pdf>]
(./updatedstats.aux) ) 
Here is how much of TeX's memory you used:
 1228 strings out of 256214
 17393 string characters out of 1917000
 66808 words of memory out of 1500000
 4531 multiletter control sequences out of 10000+200000
 5353 words of font info for 20 fonts, out of 1200000 for 2000
 645 hyphenation exceptions out of 8191
 25i,6n,19p,459b,248s stack positions out of 5000i,500n,6000p,200000b,15000s
 </home/CAMPUS/fcl02013/.texlive2007/texmf-var/fonts/pk/l
jfour/jknappen/ec/tcrm1000.600pk></usr/share/texmf/fonts/type1/bluesky/cm/cmbx1
2.pfb></usr/share/texmf/fonts/type1/bluesky/cm/cmr10.pfb></usr/share/texmf/font
s/type1/bluesky/cm/cmtt10.pfb>
Output written on updatedstats.pdf (13 pages, 96237 bytes).
PDF statistics:
 134 PDF objects out of 1000 (max. 8388607)
 0 named destinations out of 1000 (max. 131072)
 56 words of extra memory for PDF output out of 10000 (max. 10000000)

