<<<<<<< HEAD
This is pdfTeXk, Version 3.141592-1.40.3 (Web2C 7.5.6) (format=pdflatex 2015.10.2)  23 OCT 2016 11:31
=======
<<<<<<< HEAD
This is pdfTeXk, Version 3.141592-1.40.3 (Web2C 7.5.6) (format=pdflatex 2015.10.2)  23 OCT 2016 11:18
=======
This is pdfTeXk, Version 3.141592-1.40.3 (Web2C 7.5.6) (format=pdflatex 2015.10.2)  23 OCT 2016 11:13
>>>>>>> f52c5f4ece92f8791d64a3fdd4871d215ac726dc
>>>>>>> 6c4be0a73c7e75bc798097586d5a29562af60c43
entering extended mode
 %&-line parsing enabled.
**Tuesday_1_Report_Outline.tex
(./Tuesday_1_Report_Outline.tex
LaTeX2e <2005/12/01>
Babel <v3.8h> and hyphenation patterns for english, usenglishmax, dumylang, noh
yphenation, arabic, basque, bulgarian, coptic, welsh, czech, slovak, german, ng
erman, danish, esperanto, spanish, catalan, galician, estonian, farsi, finnish,
 french, greek, monogreek, ancientgreek, croatian, hungarian, interlingua, ibyc
us, indonesian, icelandic, italian, latin, mongolian, dutch, norsk, polish, por
tuguese, pinyin, romanian, russian, slovenian, uppersorbian, serbian, swedish, 
turkish, ukenglish, ukrainian, loaded.
(/usr/share/texmf/tex/latex/base/article.cls
Document Class: article 2005/09/16 v1.4f Standard LaTeX document class
(/usr/share/texmf/tex/latex/base/size10.clo
File: size10.clo 2005/09/16 v1.4f Standard LaTeX file (size option)
)
\c@part=\count79
\c@section=\count80
\c@subsection=\count81
\c@subsubsection=\count82
\c@paragraph=\count83
\c@subparagraph=\count84
\c@figure=\count85
\c@table=\count86
\abovecaptionskip=\skip41
\belowcaptionskip=\skip42
\bibindent=\dimen102
)
(/usr/share/texmf/tex/latex/graphics/graphicx.sty
Package: graphicx 1999/02/16 v1.0f Enhanced LaTeX Graphics (DPC,SPQR)

(/usr/share/texmf/tex/latex/graphics/keyval.sty
Package: keyval 1999/03/16 v1.13 key=value parser (DPC)
\KV@toks@=\toks14
)
(/usr/share/texmf/tex/latex/graphics/graphics.sty
Package: graphics 2006/02/20 v1.0o Standard LaTeX Graphics (DPC,SPQR)

(/usr/share/texmf/tex/latex/graphics/trig.sty
Package: trig 1999/03/16 v1.09 sin cos tan (DPC)
)
(/usr/share/texmf/tex/latex/config/graphics.cfg
File: graphics.cfg 2007/01/18 v1.5 graphics configuration of teTeX/TeXLive
)
Package graphics Info: Driver file: pdftex.def on input line 90.

(/usr/share/texmf/tex/latex/pdftex-def/pdftex.def
File: pdftex.def 2007/01/08 v0.04d Graphics/color for pdfTeX
\Gread@gobject=\count87
))
\Gin@req@height=\dimen103
\Gin@req@width=\dimen104
)
(/usr/share/texmf/tex/latex/graphics/color.sty
Package: color 2005/11/14 v1.0j Standard LaTeX Color (DPC)

(/usr/share/texmf/tex/latex/config/color.cfg
File: color.cfg 2007/01/18 v1.5 color configuration of teTeX/TeXLive
)
Package color Info: Driver file: pdftex.def on input line 130.
)
(/usr/share/texmf/tex/latex/ltxmisc/framed.sty
Package: framed 2003/07/21 v 0.8a: framed or shaded text with page breaks
\FrameRule=\dimen105
\FrameSep=\dimen106
)
(/usr/share/texmf/tex/latex/base/alltt.sty
Package: alltt 1997/06/16 v2.0g defines alltt environment
)
(/usr/share/texmf/tex/latex/upquote/upquote.sty
Package: upquote 2003/08/11 v1.1 Covington's upright-quote modification to verb
atim and verb

(/usr/share/texmf/tex/latex/base/textcomp.sty
Package: textcomp 2005/09/27 v1.99g Standard LaTeX package
Package textcomp Info: Sub-encoding information:
(textcomp)               5 = only ISO-Adobe without \textcurrency
(textcomp)               4 = 5 + \texteuro
(textcomp)               3 = 4 + \textohm
(textcomp)               2 = 3 + \textestimated + \textcurrency
(textcomp)               1 = TS1 - \textcircled - \t
(textcomp)               0 = TS1 (full)
(textcomp)             Font families with sub-encoding setting implement
(textcomp)             only a restricted character set as indicated.
(textcomp)             Family '?' is the default used for unknown fonts.
(textcomp)             See the documentation for details.
Package textcomp Info: Setting ? sub-encoding to TS1/1 on input line 71.

(/usr/share/texmf/tex/latex/base/ts1enc.def
File: ts1enc.def 2001/06/05 v3.0e (jk/car/fm) Standard LaTeX file
)
LaTeX Info: Redefining \oldstylenums on input line 266.
Package textcomp Info: Setting cmr sub-encoding to TS1/0 on input line 281.
Package textcomp Info: Setting cmss sub-encoding to TS1/0 on input line 282.
Package textcomp Info: Setting cmtt sub-encoding to TS1/0 on input line 283.
Package textcomp Info: Setting cmvtt sub-encoding to TS1/0 on input line 284.
Package textcomp Info: Setting cmbr sub-encoding to TS1/0 on input line 285.
Package textcomp Info: Setting cmtl sub-encoding to TS1/0 on input line 286.
Package textcomp Info: Setting ccr sub-encoding to TS1/0 on input line 287.
Package textcomp Info: Setting ptm sub-encoding to TS1/4 on input line 288.
Package textcomp Info: Setting pcr sub-encoding to TS1/4 on input line 289.
Package textcomp Info: Setting phv sub-encoding to TS1/4 on input line 290.
Package textcomp Info: Setting ppl sub-encoding to TS1/3 on input line 291.
Package textcomp Info: Setting pag sub-encoding to TS1/4 on input line 292.
Package textcomp Info: Setting pbk sub-encoding to TS1/4 on input line 293.
Package textcomp Info: Setting pnc sub-encoding to TS1/4 on input line 294.
Package textcomp Info: Setting pzc sub-encoding to TS1/4 on input line 295.
Package textcomp Info: Setting bch sub-encoding to TS1/4 on input line 296.
Package textcomp Info: Setting put sub-encoding to TS1/5 on input line 297.
Package textcomp Info: Setting uag sub-encoding to TS1/5 on input line 298.
Package textcomp Info: Setting ugq sub-encoding to TS1/5 on input line 299.
Package textcomp Info: Setting ul8 sub-encoding to TS1/4 on input line 300.
Package textcomp Info: Setting ul9 sub-encoding to TS1/4 on input line 301.
Package textcomp Info: Setting augie sub-encoding to TS1/5 on input line 302.
Package textcomp Info: Setting dayrom sub-encoding to TS1/3 on input line 303.
Package textcomp Info: Setting dayroms sub-encoding to TS1/3 on input line 304.

Package textcomp Info: Setting pxr sub-encoding to TS1/0 on input line 305.
Package textcomp Info: Setting pxss sub-encoding to TS1/0 on input line 306.
Package textcomp Info: Setting pxtt sub-encoding to TS1/0 on input line 307.
Package textcomp Info: Setting txr sub-encoding to TS1/0 on input line 308.
Package textcomp Info: Setting txss sub-encoding to TS1/0 on input line 309.
Package textcomp Info: Setting txtt sub-encoding to TS1/0 on input line 310.
Package textcomp Info: Setting futs sub-encoding to TS1/4 on input line 311.
Package textcomp Info: Setting futx sub-encoding to TS1/4 on input line 312.
Package textcomp Info: Setting futj sub-encoding to TS1/4 on input line 313.
Package textcomp Info: Setting hlh sub-encoding to TS1/3 on input line 314.
Package textcomp Info: Setting hls sub-encoding to TS1/3 on input line 315.
Package textcomp Info: Setting hlst sub-encoding to TS1/3 on input line 316.
Package textcomp Info: Setting hlct sub-encoding to TS1/5 on input line 317.
Package textcomp Info: Setting hlx sub-encoding to TS1/5 on input line 318.
Package textcomp Info: Setting hlce sub-encoding to TS1/5 on input line 319.
Package textcomp Info: Setting hlcn sub-encoding to TS1/5 on input line 320.
Package textcomp Info: Setting hlcw sub-encoding to TS1/5 on input line 321.
Package textcomp Info: Setting hlcf sub-encoding to TS1/5 on input line 322.
Package textcomp Info: Setting pplx sub-encoding to TS1/3 on input line 323.
Package textcomp Info: Setting pplj sub-encoding to TS1/3 on input line 324.
Package textcomp Info: Setting ptmx sub-encoding to TS1/4 on input line 325.
Package textcomp Info: Setting ptmj sub-encoding to TS1/4 on input line 326.
)) (./Tuesday_1_Report_Outline.aux)
\openout1 = `Tuesday_1_Report_Outline.aux'.

LaTeX Font Info:    Checking defaults for OML/cmm/m/it on input line 55.
LaTeX Font Info:    ... okay on input line 55.
LaTeX Font Info:    Checking defaults for T1/cmr/m/n on input line 55.
LaTeX Font Info:    ... okay on input line 55.
LaTeX Font Info:    Checking defaults for OT1/cmr/m/n on input line 55.
LaTeX Font Info:    ... okay on input line 55.
LaTeX Font Info:    Checking defaults for OMS/cmsy/m/n on input line 55.
LaTeX Font Info:    ... okay on input line 55.
LaTeX Font Info:    Checking defaults for OMX/cmex/m/n on input line 55.
LaTeX Font Info:    ... okay on input line 55.
LaTeX Font Info:    Checking defaults for U/cmr/m/n on input line 55.
LaTeX Font Info:    ... okay on input line 55.
LaTeX Font Info:    Checking defaults for TS1/cmr/m/n on input line 55.
LaTeX Font Info:    Try loading font information for TS1+cmr on input line 55.
(/usr/share/texmf/tex/latex/base/ts1cmr.fd
File: ts1cmr.fd 1999/05/25 v2.5h Standard LaTeX font definitions
)
LaTeX Font Info:    ... okay on input line 55.

! Undefined control sequence.
l.56 \SweaveOpts
                {concordance=TRUE}
The control sequence at the end of the top line
of your error message was never \def'ed. If you have
misspelled it (e.g., `\hobx'), type `I' and the correct
spelling (e.g., `I\hbox'). Otherwise just continue,
and I'll forget about whatever was undefined.

[1

{/usr/share/texmf/fonts/map/pdftex/updmap/pdftex.map}]
LaTeX Font Info:    External font `cmex10' loaded for size
(Font)              <12> on input line 59.
LaTeX Font Info:    External font `cmex10' loaded for size
(Font)              <8> on input line 59.
LaTeX Font Info:    External font `cmex10' loaded for size
(Font)              <6> on input line 59.
 [2]
(./Tuesday_1_Report_Outline.toc
LaTeX Font Info:    External font `cmex10' loaded for size
(Font)              <7> on input line 2.
LaTeX Font Info:    External font `cmex10' loaded for size
(Font)              <5> on input line 2.
)
<<<<<<< HEAD
\tf@toc=\write3
\openout3 = `Tuesday_1_Report_Outline.toc'.

 [3]
Missing character: There is no Ô in font cmr10!
Missing character: There is no ¨ in font cmr10!
Missing character: There is no Å in font cmr10!
Missing character: There is no Ô in font cmr10!
Missing character: There is no ¨ in font cmr10!
Missing character: There is no Å in font cmr10!
Missing character: There is no Ô in font cmr10!
Missing character: There is no ¨ in font cmr10!
Missing character: There is no Å in font cmr10!
Missing character: There is no Ô in font cmr10!
Missing character: There is no ¨ in font cmr10!
Missing character: There is no Å in font cmr10!
Missing character: There is no Ô in font cmr10!
Missing character: There is no ¨ in font cmr10!
Missing character: There is no Å in font cmr10!
Missing character: There is no Ô in font cmr10!
Missing character: There is no ¨ in font cmr10!
Missing character: There is no Å in font cmr10!
Missing character: There is no Ô in font cmr10!
Missing character: There is no ¨ in font cmr10!
Missing character: There is no Å in font cmr10!
 [4]
Overfull \hbox (6.97289pt too wide) in paragraph at lines 82--91
\OT1/cmr/m/n/10 Ther-mome-ter *10 m string/rope *Record-ing ma-te-rial *Com-put
er *RStu-dio Server
 []


Overfull \hbox (93.02869pt too wide) in paragraph at lines 93--95
\OT1/cmr/m/n/10 Wa-ter sed-i-ment sam-ple bot-tle 10 m string/rope >>>>>>> e1c8
0c034104a85d34ee77fdbeb6d74b5935eb46 
 []

Missing character: There is no ‚ in font cmr10!
Missing character: There is no Ä in font cmr10!
Missing character: There is no ô in font cmr10!
Missing character: There is no ‚ in font cmr10!
Missing character: There is no Ä in font cmr10!
Missing character: There is no ù in font cmr10!
Missing character: There is no ‚ in font cmr10!
Missing character: There is no Ä in font cmr10!
Missing character: There is no ô in font cmr10!
Missing character: There is no ‚ in font cmr10!
Missing character: There is no Ä in font cmr10!
Missing character: There is no ù in font cmr10!
Missing character: There is no Ô in font cmr10!
Missing character: There is no ¨ in font cmr10!
Missing character: There is no Ç in font cmr10!
Missing character: There is no ‚ in font cmr10!
Missing character: There is no Ä in font cmr10!
Missing character: There is no ô in font cmr10!
Missing character: There is no ‚ in font cmr10!
Missing character: There is no Ä in font cmr10!
Missing character: There is no ù in font cmr10!
Missing character: There is no ‚ in font cmr10!
Missing character: There is no Ä in font cmr10!
Missing character: There is no ô in font cmr10!
Missing character: There is no ‚ in font cmr10!
Missing character: There is no Ä in font cmr10!
Missing character: There is no ù in font cmr10!
Missing character: There is no Ô in font cmr10!
Missing character: There is no ¨ in font cmr10!
Missing character: There is no Ç in font cmr10!
Missing character: There is no ‚ in font cmr10!
Missing character: There is no Ä in font cmr10!
Missing character: There is no ô in font cmr10!
Missing character: There is no ‚ in font cmr10!
Missing character: There is no Ä in font cmr10!
Missing character: There is no ù in font cmr10!
Missing character: There is no ‚ in font cmr10!
Missing character: There is no Ä in font cmr10!
Missing character: There is no ô in font cmr10!
Missing character: There is no ‚ in font cmr10!
Missing character: There is no Ä in font cmr10!
Missing character: There is no ù in font cmr10!

=======
\tf@toc=\write4
\openout4 = `Tuesday_1_Report_Outline.toc'.

 [2] [3]
Overfull \hbox (82.44594pt too wide) in paragraph at lines 40--42
\T1/aer/m/n/10 Wa-ter sed-i-ment sam-ple bot-tle 10 m string/rope >>>>>>> e1c80
c034104a85d34ee77fdbeb6d74b5935eb46 
 []


>>>>>>> 6c4be0a73c7e75bc798097586d5a29562af60c43

pdfTeX warning: /usr/bin/pdflatex (file ./Figures/SantaAna_SatelliteImage.pdf):
 PDF inclusion: found PDF version <1.5>, but at most version <1.4> allowed
<Figures/SantaAna_SatelliteImage.pdf, id=19, 614.295pt x 794.97pt>
File: Figures/SantaAna_SatelliteImage.pdf Graphic file (type pdf)

<<<<<<< HEAD
<use Figures/SantaAna_SatelliteImage.pdf>
Missing character: There is no Ô in font cmr10!
Missing character: There is no ¨ in font cmr10!
=======
<<<<<<< HEAD
<use Figures/SantaAna_SatelliteImage.pdf>
Missing character: There is no ‚ in font cmr10!
>>>>>>> 6c4be0a73c7e75bc798097586d5a29562af60c43
Missing character: There is no Ä in font cmr10!
Missing character: There is no ô in font cmr10!
 [5] [6 <./Figures/SantaAna_SatelliteImage.pdf>]
Missing character: There is no Ô in font cmr10!
Missing character: There is no ¨ in font cmr10!
Missing character: There is no Å in font cmr10!
Package color Info: Redefining color shadecolor on input line 144.

Overfull \hbox (158.9956pt too wide) in paragraph at lines 146--146
[][]\OT1/cmtt/m/n/10 updateddata[][]=[] []"/home/CAMPUS/fcl02013/Santa-Ana-Suck
er-Recovery/Data/Data_TUES_1/updatedtemps.csv"[][] 
 []

LaTeX Font Info:    Font shape `OT1/cmtt/bx/n' in size <10> not available
(Font)              Font shape `OT1/cmtt/m/n' tried instead on input line 147.
Missing character: There is no Ô in font cmr10!
Missing character: There is no ¨ in font cmr10!
Missing character: There is no Å in font cmr10!
Missing character: There is no Ô in font cmr10!
Missing character: There is no ¨ in font cmr10!
Missing character: There is no Å in font cmr10!
<<<<<<< HEAD
Package color Info: Redefining color shadecolor on input line 119.
 [5] [6 <./Figures/SantaAna_SatelliteImage.pdf>]
Overfull \hbox (158.9956pt too wide) in paragraph at lines 121--121
[][]\OT1/cmtt/m/n/10 updateddata[][]=[] []"/home/CAMPUS/fcl02013/Santa-Ana-Suck
er-Recovery/Data/Data_TUES_1/updatedtemps.csv"[][] 
 []

LaTeX Font Info:    Font shape `OT1/cmtt/bx/n' in size <10> not available
(Font)              Font shape `OT1/cmtt/m/n' tried instead on input line 122.
Missing character: There is no Ô in font cmr10!
Missing character: There is no ¨ in font cmr10!
Missing character: There is no Å in font cmr10!
Missing character: There is no Ô in font cmr10!
Missing character: There is no ¨ in font cmr10!
Missing character: There is no Å in font cmr10!
=======
>>>>>>> 6c4be0a73c7e75bc798097586d5a29562af60c43
Missing character: There is no Ô in font cmr10!
Missing character: There is no ¨ in font cmr10!
Missing character: There is no Ä in font cmr10!
Missing character: There is no Ô in font cmr10!
Missing character: There is no ¨ in font cmr10!
Missing character: There is no Å in font cmr10!
Missing character: There is no Ô in font cmr10!
Missing character: There is no ¨ in font cmr10!
Missing character: There is no Å in font cmr10!
! Missing $ inserted.
<inserted text> 
                $
<<<<<<< HEAD
l.132 Note that *Temp_
=======
l.157 Note that *Temp_
=======
<use Figures/SantaAna_SatelliteImage.pdf> [4] [5 <./Figures/SantaAna_SatelliteI
mage.pdf>]
LaTeX Font Info:    Try loading font information for T1+aett on input line 90.
 (/usr/share/texmf/tex/latex/ae/t1aett.fd
File: t1aett.fd 1997/11/16 Font definitions for T1/aett.
) [6]
! Missing $ inserted.
<inserted text> 
                $
l.101 Note that *Temp_
>>>>>>> f52c5f4ece92f8791d64a3fdd4871d215ac726dc
>>>>>>> 6c4be0a73c7e75bc798097586d5a29562af60c43
                      x* entries were borrowed with permission from Sophie a...
I've inserted a begin-math/end-math symbol since I think
you left one out. Proceed, with fingers crossed.

! Missing $ inserted.
<inserted text> 
                $
<<<<<<< HEAD
l.138 
=======
<<<<<<< HEAD
l.163 
=======
l.107 
>>>>>>> f52c5f4ece92f8791d64a3fdd4871d215ac726dc
>>>>>>> 6c4be0a73c7e75bc798097586d5a29562af60c43
      
I've inserted a begin-math/end-math symbol since I think
you left one out. Proceed, with fingers crossed.


<<<<<<< HEAD
Overfull \hbox (785.78563pt too wide) in paragraph at lines 132--138
=======
<<<<<<< HEAD
Overfull \hbox (785.78563pt too wide) in paragraph at lines 157--163
>>>>>>> 6c4be0a73c7e75bc798097586d5a29562af60c43
[]\OT1/cmr/m/n/10 Note that *Temp$[] \OMS/cmsy/m/n/10 ^^C \OML/cmm/m/it/10 entr
ieswereborrowedwithpermissionfromSophieandNicole[]sdataset:Wealsocreateda\OT1/c
mr/m/n/10 "\OML/cmm/m/it/10 Site[]ew\OT1/cmr/m/n/10 "\OML/cmm/m/it/10 fieldsoth
atournamingconventionswhouldbeconsistantwithotherteams:Wethenusedrstudiotogener
atethefollowingdescriptivestatisitcs \OT1/cmr/m/n/10 :
 []


<<<<<<< HEAD
Overfull \hbox (1358.26936pt too wide) in paragraph at lines 132--138
=======
Overfull \hbox (1358.26936pt too wide) in paragraph at lines 157--163
=======
Overfull \hbox (785.7314pt too wide) in paragraph at lines 101--107
[]\T1/aer/m/n/10 Note that *Temp$[] \OMS/cmsy/m/n/10 ^^C \OML/cmm/m/it/10 entri
eswereborrowedwithpermissionfromSophieandNicole[]sdataset:Wealsocreateda\OT1/cm
r/m/n/10 "\OML/cmm/m/it/10 Site[]ew\OT1/cmr/m/n/10 "\OML/cmm/m/it/10 fieldsotha
tournamingconventionswhouldbeconsistantwithotherteams:Wethenusedrstudiotogenera
tethefollowingdescriptivestatisitcs \OT1/cmr/m/n/10 :
 []


Overfull \hbox (1358.26936pt too wide) in paragraph at lines 101--107
>>>>>>> f52c5f4ece92f8791d64a3fdd4871d215ac726dc
>>>>>>> 6c4be0a73c7e75bc798097586d5a29562af60c43
\OML/cmm/m/it/10 linearregressionoftemperaturerangevsalgaeabundancelinearregres
sionofcanopycovervsalgaeabundanceANOVAofbedcompositionvs:algaeabundanceANOVAofs
itelocationvs:algaeabundanceForeachofthesestatisticalcomparisons; wetestedwheth
erwecouldrejectthenullhypothesis; andifyes; discusstheimplicationsofthosefindin
gs:Ourresultsaresummarizedinthefollowingsection:$ 
 []

<<<<<<< HEAD
Package color Info: Redefining color shadecolor on input line 143.

Overfull \hbox (542.24226pt too wide) in paragraph at lines 145--145
=======
<<<<<<< HEAD
Package color Info: Redefining color shadecolor on input line 168.
[7]
Overfull \hbox (542.24226pt too wide) in paragraph at lines 170--170
>>>>>>> 6c4be0a73c7e75bc798097586d5a29562af60c43
[][]\OT1/cmtt/m/n/10 plot[][](importupdated[][]$[][]Temperature,importupdated[]
[]$[][]Algae,[] []ylab[][]=[][]"Algae Abundance (% cover)"[][],[][]xlab[][]=[][
]"Temperature (*C)"[][],[][]main[] []=[][]"Temperature as a predictor of Algae 
Abundance"[][],[][]las[][]=[][]1[][])[][] 
 []

<<<<<<< HEAD
<figure/unnamed-chunk-2-1.pdf, id=37, 505.89pt x 505.89pt>
File: figure/unnamed-chunk-2-1.pdf Graphic file (type pdf)

<use figure/unnamed-chunk-2-1.pdf>
Overfull \hbox (15.0pt too wide) in paragraph at lines 148--149
[][] 
 []

[7]
Package color Info: Redefining color shadecolor on input line 153.

Overfull \hbox (568.49203pt too wide) in paragraph at lines 155--155
=======
<figure/unnamed-chunk-2-1.pdf, id=46, 505.89pt x 505.89pt>
File: figure/unnamed-chunk-2-1.pdf Graphic file (type pdf)

<use figure/unnamed-chunk-2-1.pdf>
Overfull \hbox (15.0pt too wide) in paragraph at lines 173--174
[][] 
 []

Package color Info: Redefining color shadecolor on input line 178.

Overfull \hbox (536.99231pt too wide) in paragraph at lines 180--180
>>>>>>> 6c4be0a73c7e75bc798097586d5a29562af60c43
[][]\OT1/cmtt/m/n/10 plot[][](importupdated[][]$[][]Temp_range,importupdated[][
]$[][]Algae,[] []ylab[][]=[][]"Algae Abundance (% cover)"[][],[][]xlab[][]=[][]
"Temperature (*C)"[][],[][]main[] []=[][]"Temperature Range as a predictor of A
lgae Abundance"[][],[][]las[][]=[][]1[][])[][] 
 []

<figure/unnamed-chunk-3-1.pdf, id=47, 505.89pt x 505.89pt>
File: figure/unnamed-chunk-3-1.pdf Graphic file (type pdf)

<use figure/unnamed-chunk-3-1.pdf>
<<<<<<< HEAD
Overfull \hbox (15.0pt too wide) in paragraph at lines 159--160
=======
Overfull \hbox (15.0pt too wide) in paragraph at lines 183--184
>>>>>>> 6c4be0a73c7e75bc798097586d5a29562af60c43
[][] 
 []

[8 <./figure/unnamed-chunk-2-1.pdf>]
<Figures/Temp.pdf, id=57, 505.89pt x 505.89pt>
File: Figures/Temp.pdf Graphic file (type pdf)
 <use Figures/Temp.pdf>
<<<<<<< HEAD
Overfull \hbox (160.88875pt too wide) in paragraph at lines 168--169
=======
Overfull \hbox (160.88875pt too wide) in paragraph at lines 190--191
>>>>>>> 6c4be0a73c7e75bc798097586d5a29562af60c43
[][] 
 []

[9 <./figure/unnamed-chunk-3-1.pdf>] [10 <./Figures/Temp.pdf>]
(./Tuesday_1_Report_Outline.aux) ) 
Here is how much of TeX's memory you used:
 1174 strings out of 256214
 16133 string characters out of 1917000
<<<<<<< HEAD
 62628 words of memory out of 1500000
=======
 63628 words of memory out of 1500000
>>>>>>> 6c4be0a73c7e75bc798097586d5a29562af60c43
 4476 multiletter control sequences out of 10000+200000
 8063 words of font info for 29 fonts, out of 1200000 for 2000
 645 hyphenation exceptions out of 8191
 25i,6n,19p,2017b,248s stack positions out of 5000i,500n,6000p,200000b,15000s
</usr/share/texmf/fonts/type1/bluesky/cm/cmbx
10.pfb></usr/share/texmf/fonts/type1/bluesky/cm/cmbx12.pfb></usr/share/texmf/fo
nts/type1/bluesky/cm/cmmi10.pfb></usr/share/texmf/fonts/type1/bluesky/cm/cmmi7.
pfb></usr/share/texmf/fonts/type1/bluesky/cm/cmr10.pfb></usr/share/texmf/fonts/
type1/bluesky/cm/cmr12.pfb></usr/share/texmf/fonts/type1/bluesky/cm/cmr17.pfb><
/usr/share/texmf/fonts/type1/bluesky/cm/cmsy10.pfb></usr/share/texmf/fonts/type
1/bluesky/cm/cmsy7.pfb></usr/share/texmf/fonts/type1/bluesky/cm/cmtt10.pfb>
<<<<<<< HEAD
Output written on Tuesday_1_Report_Outline.pdf (10 pages, 361624 bytes).
=======
Output written on Tuesday_1_Report_Outline.pdf (10 pages, 361968 bytes).
>>>>>>> 6c4be0a73c7e75bc798097586d5a29562af60c43
PDF statistics:
 108 PDF objects out of 1000 (max. 8388607)
 0 named destinations out of 1000 (max. 131072)
 21 words of extra memory for PDF output out of 10000 (max. 10000000)
<<<<<<< HEAD
=======
=======
<Figures/Temp.pdf, id=40, 505.89pt x 505.89pt>
File: Figures/Temp.pdf Graphic file (type pdf)
 <use Figures/Temp.pdf> [7 <./Figures/Temp.pdf>] [8] (./Tuesday_1_Report_Outlin
e.aux) ) 
Here is how much of TeX's memory you used:
 1811 strings out of 256214
 24220 string characters out of 1917000
 70375 words of memory out of 1500000
 5069 multiletter control sequences out of 10000+200000
 26551 words of font info for 59 fonts, out of 1200000 for 2000
 645 hyphenation exceptions out of 8191
 35i,6n,21p,2018b,214s stack positions out of 5000i,500n,6000p,200000b,15000s
</usr/share/texmf/fonts/type1/bluesky/cm/cmbx10.pfb></usr/share/texmf/f
onts/type1/bluesky/cm/cmbx12.pfb></usr/share/texmf/fonts/type1/bluesky/cm/cmmi1
0.pfb></usr/share/texmf/fonts/type1/bluesky/cm/cmmi7.pfb></usr/share/texmf/font
s/type1/bluesky/cm/cmr10.pfb></usr/share/texmf/fonts/type1/bluesky/cm/cmr12.pfb
></usr/share/texmf/fonts/type1/bluesky/cm/cmr17.pfb></usr/share/texmf/fonts/typ
e1/bluesky/cm/cmsltt10.pfb></usr/share/texmf/fonts/type1/bluesky/cm/cmsy10.pfb>
</usr/share/texmf/fonts/type1/bluesky/cm/cmsy7.pfb>
Output written on Tuesday_1_Report_Outline.pdf (8 pages, 355538 bytes).
PDF statistics:
 89 PDF objects out of 1000 (max. 8388607)
 0 named destinations out of 1000 (max. 131072)
 15 words of extra memory for PDF output out of 10000 (max. 10000000)
>>>>>>> f52c5f4ece92f8791d64a3fdd4871d215ac726dc
>>>>>>> 6c4be0a73c7e75bc798097586d5a29562af60c43

